Building DAG of jobs...
Using shell: /usr/bin/bash
Provided cores: 15
Rules claiming more threads will be scaled down.
Job stats:
job               count
--------------  -------
all                   1
cfrna_wgcna           1
exorna_wgcna          1
fig3_2                1
fig3_3_7              1
fig3_4_5_10_12        1
fig3_8                1
fig3_9_11             1
metacells             1
module_pres_sc        1
total                10

Resources before job selection: {'_cores': 15, '_nodes': 9223372036854775807}
Ready jobs (4)
Select jobs to execute...
Failed to solve scheduling problem with ILP solver. Falling back to greedy solver. Run Snakemake with --verbose to see the full solver output for debugging the problem.
Selected jobs (1)
Resources after job selection: {'_cores': 0, '_nodes': 9223372036854775806}

[Wed Jul  3 14:56:11 2024]
rule cfrna_wgcna:
    input: markdown_results/cfrna_input_clean.html
    output: markdown_results/cf_wgcna_suppl_file2.html
    jobid: 4
    reason: Missing output files: markdown_results/cf_wgcna_suppl_file2.html
    threads: 15
    resources: tmpdir=/tmp

Terminating processes on user request, this might take some time.
Full Traceback (most recent call last):
  File "/home/si48met/miniconda3/envs/cfwgcna_lc/lib/python3.9/site-packages/snakemake/scheduler.py", line 546, in schedule
    self._open_jobs.acquire()
  File "/home/si48met/miniconda3/envs/cfwgcna_lc/lib/python3.9/threading.py", line 443, in acquire
    self._cond.wait(timeout)
  File "/home/si48met/miniconda3/envs/cfwgcna_lc/lib/python3.9/threading.py", line 312, in wait
    waiter.acquire()
KeyboardInterrupt

During handling of the above exception, another exception occurred:

Traceback (most recent call last):
  File "/home/si48met/miniconda3/envs/cfwgcna_lc/lib/python3.9/site-packages/snakemake/__init__.py", line 792, in snakemake
    success = workflow.execute(
  File "/home/si48met/miniconda3/envs/cfwgcna_lc/lib/python3.9/site-packages/snakemake/workflow.py", line 1242, in execute
    success = self.scheduler.schedule()
  File "/home/si48met/miniconda3/envs/cfwgcna_lc/lib/python3.9/site-packages/snakemake/scheduler.py", line 641, in schedule
    self._executor.cancel()
  File "/home/si48met/miniconda3/envs/cfwgcna_lc/lib/python3.9/site-packages/snakemake/executors/__init__.py", line 707, in cancel
    self.pool.shutdown()
  File "/home/si48met/miniconda3/envs/cfwgcna_lc/lib/python3.9/concurrent/futures/thread.py", line 235, in shutdown
    t.join()
  File "/home/si48met/miniconda3/envs/cfwgcna_lc/lib/python3.9/threading.py", line 1053, in join
    self._wait_for_tstate_lock()
  File "/home/si48met/miniconda3/envs/cfwgcna_lc/lib/python3.9/threading.py", line 1073, in _wait_for_tstate_lock
    if lock.acquire(block, timeout):
KeyboardInterrupt

Cancelling snakemake on user request.
unlocking
removing lock
removing lock
removed all locks
