Building DAG of jobs...
Using shell: /usr/bin/bash
Provided cores: 15
Rules claiming more threads will be scaled down.
Job stats:
job               count
--------------  -------
all                   1
cfrna_wgcna           1
exorna_wgcna          1
fig3_2                1
fig3_3_7              1
fig3_4_5_10_12        1
fig3_8                1
fig3_9_11             1
metacells             1
module_pres_sc        1
total                10

Resources before job selection: {'_cores': 15, '_nodes': 9223372036854775807}
Ready jobs (4)
Select jobs to execute...
Failed to solve scheduling problem with ILP solver. Falling back to greedy solver. Run Snakemake with --verbose to see the full solver output for debugging the problem.
Selected jobs (1)
Resources after job selection: {'_cores': 0, '_nodes': 9223372036854775806}

[Wed Jul  3 15:05:08 2024]
rule cfrna_wgcna:
    input: markdown_results/cfrna_input_clean.html
    output: markdown_results/cf_wgcna_suppl_file2.html
    jobid: 4
    reason: Missing output files: markdown_results/cf_wgcna_suppl_file2.html
    threads: 15
    resources: tmpdir=/tmp

[Wed Jul  3 15:09:05 2024]
Finished job 4.
1 of 10 steps (10%) done
Resources before job selection: {'_cores': 15, '_nodes': 9223372036854775807}
Ready jobs (3)
Select jobs to execute...
Failed to solve scheduling problem with ILP solver. Falling back to greedy solver. Run Snakemake with --verbose to see the full solver output for debugging the problem.
Selected jobs (2)
Resources after job selection: {'_cores': 13, '_nodes': 9223372036854775805}

[Wed Jul  3 15:09:05 2024]
rule fig3_3_7:
    input: markdown_results/cfrna_input_clean.html
    output: markdown_results/fig3_3_7.html
    jobid: 1
    reason: Missing output files: markdown_results/fig3_3_7.html
    resources: tmpdir=/tmp

[Wed Jul  3 15:09:05 2024]
rule metacells:
    output: markdown_results/metacell_construct_fig2_2.html
    jobid: 10
    reason: Missing output files: markdown_results/metacell_construct_fig2_2.html
    resources: tmpdir=/tmp

Full Traceback (most recent call last):
  File "/home/si48met/miniconda3/envs/cfwgcna_lc/lib/python3.9/site-packages/snakemake/executors/__init__.py", line 2656, in run_wrapper
    run(
  File "/data/fass5/projects/aram/current_projects/phd_tests/Chapter 3/snakemake_pipeline", line 163, in __rule_fig3_3_7
  File "/home/si48met/miniconda3/envs/cfwgcna_lc/lib/python3.9/site-packages/snakemake/script.py", line 1567, in script
    executor.evaluate()
  File "/home/si48met/miniconda3/envs/cfwgcna_lc/lib/python3.9/site-packages/snakemake/script.py", line 455, in evaluate
    self.execute_script(fd.name, edit=edit)
  File "/home/si48met/miniconda3/envs/cfwgcna_lc/lib/python3.9/site-packages/snakemake/script.py", line 909, in execute_script
    self._execute_cmd(
  File "/home/si48met/miniconda3/envs/cfwgcna_lc/lib/python3.9/site-packages/snakemake/script.py", line 486, in _execute_cmd
    return shell(
  File "/home/si48met/miniconda3/envs/cfwgcna_lc/lib/python3.9/site-packages/snakemake/shell.py", line 294, in __new__
    raise sp.CalledProcessError(retcode, cmd)
subprocess.CalledProcessError: Command 'set -euo pipefail;  Rscript --vanilla -e 'rmarkdown::render("/data/fass5/projects/aram/current_projects/phd_tests/Chapter 3/.snakemake/scripts/tmpr8m_1f33.fig3_3_7.Rmd", output_file="/data/fass5/projects/aram/current_projects/phd_tests/Chapter 3/markdown_results/fig3_3_7.html", quiet=TRUE, knit_root_dir = "/data/fass5/projects/aram/current_projects/phd_tests/Chapter 3", params = list(rmd="/data/fass5/projects/aram/current_projects/phd_tests/Chapter 3/.snakemake/scripts/tmpr8m_1f33.fig3_3_7.Rmd"))'' returned non-zero exit status 1.

[Wed Jul  3 15:09:15 2024]
Error in rule fig3_3_7:
    jobid: 1
    input: markdown_results/cfrna_input_clean.html
    output: markdown_results/fig3_3_7.html

Full Traceback (most recent call last):
  File "/home/si48met/miniconda3/envs/cfwgcna_lc/lib/python3.9/site-packages/snakemake/executors/__init__.py", line 2656, in run_wrapper
    run(
  File "/data/fass5/projects/aram/current_projects/phd_tests/Chapter 3/snakemake_pipeline", line 163, in __rule_fig3_3_7
  File "/home/si48met/miniconda3/envs/cfwgcna_lc/lib/python3.9/site-packages/snakemake/script.py", line 1567, in script
    executor.evaluate()
  File "/home/si48met/miniconda3/envs/cfwgcna_lc/lib/python3.9/site-packages/snakemake/script.py", line 455, in evaluate
    self.execute_script(fd.name, edit=edit)
  File "/home/si48met/miniconda3/envs/cfwgcna_lc/lib/python3.9/site-packages/snakemake/script.py", line 909, in execute_script
    self._execute_cmd(
  File "/home/si48met/miniconda3/envs/cfwgcna_lc/lib/python3.9/site-packages/snakemake/script.py", line 486, in _execute_cmd
    return shell(
  File "/home/si48met/miniconda3/envs/cfwgcna_lc/lib/python3.9/site-packages/snakemake/shell.py", line 294, in __new__
    raise sp.CalledProcessError(retcode, cmd)
subprocess.CalledProcessError: Command 'set -euo pipefail;  Rscript --vanilla -e 'rmarkdown::render("/data/fass5/projects/aram/current_projects/phd_tests/Chapter 3/.snakemake/scripts/tmpr8m_1f33.fig3_3_7.Rmd", output_file="/data/fass5/projects/aram/current_projects/phd_tests/Chapter 3/markdown_results/fig3_3_7.html", quiet=TRUE, knit_root_dir = "/data/fass5/projects/aram/current_projects/phd_tests/Chapter 3", params = list(rmd="/data/fass5/projects/aram/current_projects/phd_tests/Chapter 3/.snakemake/scripts/tmpr8m_1f33.fig3_3_7.Rmd"))'' returned non-zero exit status 1.

During handling of the above exception, another exception occurred:

Traceback (most recent call last):
  File "/home/si48met/miniconda3/envs/cfwgcna_lc/lib/python3.9/site-packages/snakemake/executors/__init__.py", line 715, in _callback
    raise ex
  File "/home/si48met/miniconda3/envs/cfwgcna_lc/lib/python3.9/concurrent/futures/thread.py", line 58, in run
    result = self.fn(*self.args, **self.kwargs)
  File "/home/si48met/miniconda3/envs/cfwgcna_lc/lib/python3.9/site-packages/snakemake/executors/__init__.py", line 699, in cached_or_run
    run_func(*args)
  File "/home/si48met/miniconda3/envs/cfwgcna_lc/lib/python3.9/site-packages/snakemake/executors/__init__.py", line 2692, in run_wrapper
    raise RuleException(
snakemake.exceptions.RuleException: CalledProcessError in file /data/fass5/projects/aram/current_projects/phd_tests/Chapter 3/snakemake_pipeline, line 65:
Command 'set -euo pipefail;  Rscript --vanilla -e 'rmarkdown::render("/data/fass5/projects/aram/current_projects/phd_tests/Chapter 3/.snakemake/scripts/tmpr8m_1f33.fig3_3_7.Rmd", output_file="/data/fass5/projects/aram/current_projects/phd_tests/Chapter 3/markdown_results/fig3_3_7.html", quiet=TRUE, knit_root_dir = "/data/fass5/projects/aram/current_projects/phd_tests/Chapter 3", params = list(rmd="/data/fass5/projects/aram/current_projects/phd_tests/Chapter 3/.snakemake/scripts/tmpr8m_1f33.fig3_3_7.Rmd"))'' returned non-zero exit status 1.
  File "/data/fass5/projects/aram/current_projects/phd_tests/Chapter 3/snakemake_pipeline", line 65, in __rule_fig3_3_7

RuleException:
CalledProcessError in file /data/fass5/projects/aram/current_projects/phd_tests/Chapter 3/snakemake_pipeline, line 65:
Command 'set -euo pipefail;  Rscript --vanilla -e 'rmarkdown::render("/data/fass5/projects/aram/current_projects/phd_tests/Chapter 3/.snakemake/scripts/tmpr8m_1f33.fig3_3_7.Rmd", output_file="/data/fass5/projects/aram/current_projects/phd_tests/Chapter 3/markdown_results/fig3_3_7.html", quiet=TRUE, knit_root_dir = "/data/fass5/projects/aram/current_projects/phd_tests/Chapter 3", params = list(rmd="/data/fass5/projects/aram/current_projects/phd_tests/Chapter 3/.snakemake/scripts/tmpr8m_1f33.fig3_3_7.Rmd"))'' returned non-zero exit status 1.
  File "/data/fass5/projects/aram/current_projects/phd_tests/Chapter 3/snakemake_pipeline", line 65, in __rule_fig3_3_7
  File "/home/si48met/miniconda3/envs/cfwgcna_lc/lib/python3.9/concurrent/futures/thread.py", line 58, in run
[Wed Jul  3 15:23:15 2024]
Finished job 10.
2 of 10 steps (20%) done
Shutting down, this might take some time.
Exiting because a job execution failed. Look above for error message
Complete log: .snakemake/log/2024-07-03T150506.736800.snakemake.log
unlocking
removing lock
removing lock
removed all locks
